<?xml version="1.0" encoding="UTF-8"?>
<!-- Generated by org.testng.reporters.JUnitXMLReporter -->
<testsuite hostname="DESKTOP-TPGTVM8" ignored="0" name="Default test" tests="6" failures="0" timestamp="2021-09-16T16:13:00 IST" time="0.679" errors="0">
  <testcase name="launchBrowser" time="0.223" classname="com.sgtesting.testng.DataProviderDemo"/>
  <testcase name="navigate" time="0.032" classname="com.sgtesting.testng.DataProviderDemo"/>
  <testcase name="login" time="0.053" classname="com.sgtesting.testng.DataProviderDemo"/>
  <testcase name="login" time="0.012" classname="com.sgtesting.testng.DataProviderDemo"/>
  <testcase name="login" time="0.01" classname="com.sgtesting.testng.DataProviderDemo"/>
  <testcase name="closeApplication" time="0.032" classname="com.sgtesting.testng.DataProviderDemo"/>
</testsuite> <!-- Default test -->
