<?xml version="1.0" encoding="UTF-8"?>
<testng-results skipped="0" failed="0" ignored="0" total="6" passed="6">
  <reporter-output>
  </reporter-output>
  <suite name="Default suite" duration-ms="679" started-at="2021-09-16T16:12:59 IST" finished-at="2021-09-16T16:13:00 IST">
    <groups>
    </groups>
    <test name="Default test" duration-ms="679" started-at="2021-09-16T16:12:59 IST" finished-at="2021-09-16T16:13:00 IST">
      <class name="com.sgtesting.testng.DataProviderDemo">
        <test-method status="PASS" signature="launchBrowser()[pri:1, instance:com.sgtesting.testng.DataProviderDemo@184f6be2]" name="launchBrowser" duration-ms="223" started-at="2021-09-16T16:12:59 IST" finished-at="2021-09-16T16:13:00 IST">
          <reporter-output>
          </reporter-output>
        </test-method> <!-- launchBrowser -->
        <test-method status="PASS" signature="navigate()[pri:2, instance:com.sgtesting.testng.DataProviderDemo@184f6be2]" name="navigate" duration-ms="32" started-at="2021-09-16T16:13:00 IST" finished-at="2021-09-16T16:13:00 IST">
          <reporter-output>
          </reporter-output>
        </test-method> <!-- navigate -->
        <test-method status="PASS" signature="login(java.lang.String,java.lang.String)[pri:3, instance:com.sgtesting.testng.DataProviderDemo@184f6be2]" name="login" duration-ms="53" started-at="2021-09-16T16:13:00 IST" data-provider="getLoginData" finished-at="2021-09-16T16:13:00 IST">
          <params>
            <param index="0">
              <value>
                <![CDATA[admin]]>
              </value>
            </param>
            <param index="1">
              <value>
                <![CDATA[manager]]>
              </value>
            </param>
          </params>
          <reporter-output>
          </reporter-output>
        </test-method> <!-- login -->
        <test-method status="PASS" signature="login(java.lang.String,java.lang.String)[pri:3, instance:com.sgtesting.testng.DataProviderDemo@184f6be2]" name="login" duration-ms="12" started-at="2021-09-16T16:13:00 IST" data-provider="getLoginData" finished-at="2021-09-16T16:13:00 IST">
          <params>
            <param index="0">
              <value>
                <![CDATA[admin]]>
              </value>
            </param>
            <param index="1">
              <value>
                <![CDATA[manager]]>
              </value>
            </param>
          </params>
          <reporter-output>
          </reporter-output>
        </test-method> <!-- login -->
        <test-method status="PASS" signature="login(java.lang.String,java.lang.String)[pri:3, instance:com.sgtesting.testng.DataProviderDemo@184f6be2]" name="login" duration-ms="10" started-at="2021-09-16T16:13:00 IST" data-provider="getLoginData" finished-at="2021-09-16T16:13:00 IST">
          <params>
            <param index="0">
              <value>
                <![CDATA[admin]]>
              </value>
            </param>
            <param index="1">
              <value>
                <![CDATA[manager]]>
              </value>
            </param>
          </params>
          <reporter-output>
          </reporter-output>
        </test-method> <!-- login -->
        <test-method status="PASS" signature="closeApplication()[pri:4, instance:com.sgtesting.testng.DataProviderDemo@184f6be2]" name="closeApplication" duration-ms="32" started-at="2021-09-16T16:13:00 IST" finished-at="2021-09-16T16:13:00 IST">
          <reporter-output>
          </reporter-output>
        </test-method> <!-- closeApplication -->
      </class> <!-- com.sgtesting.testng.DataProviderDemo -->
    </test> <!-- Default test -->
  </suite> <!-- Default suite -->
</testng-results>
